Build started 9/23/2016 1:33:48 PM.
     1>Project "C:\Users\student\Desktop\GenricList\GenricList\GenricList.vcxproj" on node 2 (Build target(s)).
     1>ClCompile:
         C:\Program Files (x86)\Microsoft Visual Studio 11.0\VC\bin\CL.exe /c /ZI /nologo /W3 /WX- /Od /Oy- /D WIN32 /D _DEBUG /D _CONSOLE /D _UNICODE /D UNICODE /Gm /EHsc /RTC1 /MDd /GS /fp:precise /Zc:wchar_t /Zc:forScope /Fo"Debug\\" /Fd"Debug\vc110.pdb" /Gd /TP /analyze- /errorReport:prompt TestGeneric.cpp
         TestGeneric.cpp
     1>c:\users\student\desktop\genriclist\genriclist\list.h(5): error C2143: syntax error : missing ';' before '<'
     1>c:\users\student\desktop\genriclist\genriclist\list.h(5): error C2059: syntax error : '<'
     1>c:\users\student\desktop\genriclist\genriclist\list.h(6): error C2143: syntax error : missing ';' before '{'
     1>c:\users\student\desktop\genriclist\genriclist\list.h(6): error C2447: '{' : missing function header (old-style formal list?)
     1>Done Building Project "C:\Users\student\Desktop\GenricList\GenricList\GenricList.vcxproj" (Build target(s)) -- FAILED.

Build FAILED.

Time Elapsed 00:00:00.33
